GAS LISTING C:\Users\Lenovo\AppData\Local\Temp\ccLuyb2c.s 			page 1


   1              	# 0 "./progs/eg0101.S"
   2              	# 1 "G:\\MLL\\汇编语言\\数字化教材\\章节\\初稿v2\\ZZUGAS//"
   3              	# 0 "<built-in>"
   4              	# 0 "<command-line>"
   5              	# 1 "./progs/eg0101.S"
   6              	 .file "eg0101.c"
   7              	 .intel_syntax noprefix
   8              	 .text
   9              	 .globl add
  10              	 .def add; .scl 2; .type 32; .endef
  11              	 .seh_proc add
  12              	add:
  13              	 .seh_endprologue
  14 0000 8D0411   	 lea eax, [rcx+rdx]
  15 0003 C3       	 ret
  16              	 .seh_endproc
  17 0004 90909090 	 .ident "GCC: (MinGW-W64 x86_64-ucrt-posix-seh, built by Brecht Sanders, r2) 15.1.0"
  17      90909090 
  17      90909090 
