GAS LISTING C:\Users\Lenovo\AppData\Local\Temp\cc4w6nij.s 			page 1


   1              	# 0 "./progs/eg0308.S"
   2              	# 1 "G:\\MLL\\姹囩紪璇█\\鏁板瓧鍖栨暀鏉怽\绔犺妭\\鍒濈ǹv2\\ZZUGAS//"
   3              	# 0 "<built-in>"
   4              	# 0 "<command-line>"
   5              	# 1 "./progs/eg0308.S"
   6              	
   7              	.intel_syntax noprefix #采用Intel语法，面向X86处理器时使用
   8              	 .data #定义数据段
   9 0000 78563412 	   x: .long 0x12345678,0x9ABCDEF0,0x3456789A
   9      F0DEBC9A 
   9      9A785634 
  10              	
  11 000c 00000000 	 .text #定义代码段
  12              	        .globl main
  13              	main: # 程序执行起始位置
  14              	
  15 0000 488D0500 	    lea rax,x[rip]
  15      000000
  16 0007 48C7C301 	    mov rbx,1
  16      000000
  17 000e 8B0498   	    mov eax,[rax+rbx*4]
  18 0011 E8000000 	    call disphd
  18      00
  19 0016 E8000000 	    call dispcrlf
  19      00
  20              	
  21 001b 488D0500 	    lea rax,x[rip]
  21      000000
  22 0022 48C7C301 	    mov rbx,1
  22      000000
  23 0029 8B449804 	    mov eax,[rax+rbx*4+4]
  24 002d E8000000 	    call disphd
  24      00
  25 0032 E8000000 	    call dispcrlf
  25      00
  26              	
  27              	    #主程序（指令待填）
  28 0037 B8000000 	    mov eax,0
  28      00
  29 003c C3909090 	 ret # 程序正常执行结束
