GAS LISTING C:\Users\Lenovo\AppData\Local\Temp\ccK7nziw.s 			page 1


   1              	# 0 "./progs/eg0306.S"
   2              	# 1 "G:\\MLL\\姹囩紪璇█\\鏁板瓧鍖栨暀鏉怽\绔犺妭\\鍒濈ǹv2\\ZZUGAS//"
   3              	# 0 "<built-in>"
   4              	# 0 "<command-line>"
   5              	# 1 "./progs/eg0306.S"
   6              	
   7              	.intel_syntax noprefix #采用Intel语法，面向X86处理器时使用
   8              	 .data #定义数据段
   9 0000 78563412 	    x: .long 0x12345678,0x9ABCDEF0
   9      F0DEBC9A 
  10              	
  11 0008 00000000 	 .text #定义代码段
  11      00000000 
  12              	        .globl main
  13              	main: # 程序执行起始位置
  14              	
  15 0000 488D0500 	    lea rax,x[rip]
  15      000000
  16 0007 48C7C300 	    mov rbx,0
  16      000000
  17 000e 8B1C18   	    mov ebx,[rax+rbx]
  18 0011 89D8     	    mov eax, ebx
  19 0013 E8000000 	    call disphd
  19      00
  20 0018 E8000000 	    call dispcrlf
  20      00
  21              	
  22 001d 488D0500 	    lea rax,x[rip]
  22      000000
  23 0024 48C7C304 	    mov rbx,4
  23      000000
  24 002b 8B1C18   	    mov ebx,[rax+rbx]
  25 002e 89D8     	    mov eax, ebx
  26 0030 E8000000 	    call disphd
  26      00
  27 0035 E8000000 	    call dispcrlf
  27      00
  28              	
  29              	    #主程序（指令待填）
  30 003a B8000000 	    mov eax,0
  30      00
  31 003f C3       	 ret # 程序正常执行结束
