GAS LISTING C:\Users\Lenovo\AppData\Local\Temp\ccimaZUu.s 			page 1


   1              	# 0 "./progs/eg0419.S"
   2              	# 0 "<built-in>"
   3              	# 0 "<command-line>"
   4              	# 1 "./progs/eg0419.S"
   5              	.intel_syntax noprefix #采用Intel语法，面向X86处理器时使用
   6              	 .data #定义数据段
   7 0000 54686520 	 buffer: .ascii "The processor vendor ID is "
   7      70726F63 
   7      6573736F 
   7      72207665 
   7      6E646F72 
   8 001b 00000000 	         .space 12 , 0
   8      00000000 
   8      00000000 
   9              	    bufsize= .- buffer
  10 0027 0A00     	     .asciz "\n"
  11              	 # 数据定义（数据待填）
  12 0029 00000000 	 .text #定义代码段
  12      000000
  13              	        .globl main
  14              	main: # 程序执行起始位置
  15 0000 B8000000 	 mov eax,0
  15      00
  16 0005 0FA2     	 cpuid #执行处理器识别指令
  17 0007 891D1B00 	 mov dword ptr buffer[rip+bufsize-12],ebx
  17      0000
  18 000d 89151F00 	 mov dword ptr buffer[rip+bufsize-8],edx
  18      0000
  19 0013 890D2300 	 mov dword ptr buffer[rip+bufsize-4],ecx
  19      0000
  20 0019 488D0500 	 lea rax,buffer[rip] #显示信息
  20      000000
  21 0020 E8000000 	 call dispmsg
  21      00
  22              	
  23 0025 B8000000 	    mov eax,0
  23      00
  24 002a C3909090 	 ret # 程序正常执行结束
  24      9090
