GAS LISTING C:\Users\Lenovo\AppData\Local\Temp\ccWHvj0F.s 			page 1


   1              	# 0 "./progs/eg0518.S"
   2              	# 1 "G:\\MLL\\汇编语言\\数字化教材\\章节\\初稿v2\\ZZUGAS//"
   3              	# 0 "<built-in>"
   4              	# 0 "<command-line>"
   5              	# 1 "./progs/eg0518.S"
   6              	 .file "eg0518.c"
   7              	 .intel_syntax noprefix
   8              	 .text
   9              	 .globl mult2
  10              	 .def mult2; .scl 2; .type 32; .endef
  11              	 .seh_proc mult2
  12              	mult2:
  13              	 .seh_endprologue
  14 0000 89C8     	 mov eax, ecx
  15 0002 0FAFC2   	 imul eax, edx
  16 0005 C3       	 ret
  17              	 .seh_endproc
  18              	 .globl multstore
  19              	 .def multstore; .scl 2; .type 32; .endef
  20              	 .seh_proc multstore
  21              	multstore:
  22 0006 53       	 push rbx
  23              	 .seh_pushreg rbx
  24 0007 4883EC20 	 sub rsp, 32
  25              	 .seh_stackalloc 32
  26              	 .seh_endprologue
  27 000b 4C89C3   	 mov rbx, r8
  28 000e E8EDFFFF 	 call mult2
  28      FF
  29 0013 8903     	 mov DWORD PTR [rbx], eax
  30 0015 4883C420 	 add rsp, 32
  31 0019 5B       	 pop rbx
  32 001a C3       	 ret
  33              	 .seh_endproc
  34              	 .section .rdata,"dr"
  35              	.LC0:
  36 0000 33202A20 	 .ascii "3 * 5 =%d\0"
  36      35203D25 
  36      6400
  37 000a 00000000 	 .text
  37      0000
  38              	 .globl main
  39              	 .def main; .scl 2; .type 32; .endef
  40              	 .seh_proc main
  41              	main:
  42 001b 4883EC38 	 sub rsp, 56
  43              	 .seh_stackalloc 56
  44              	 .seh_endprologue
  45 001f E8000000 	 call __main
  45      00
  46 0024 4C8D4424 	 lea r8, 44[rsp]
  46      2C
  47 0029 BA050000 	 mov edx, 5
  47      00
  48 002e B9030000 	 mov ecx, 3
  48      00
  49 0033 E8CEFFFF 	 call multstore
GAS LISTING C:\Users\Lenovo\AppData\Local\Temp\ccWHvj0F.s 			page 2


  49      FF
  50 0038 8B54242C 	 mov edx, DWORD PTR 44[rsp]
  51 003c 488D0D00 	 lea rcx, .LC0[rip]
  51      000000
  52 0043 E8000000 	 call printf
  52      00
  53 0048 B8000000 	 mov eax, 0
  53      00
  54 004d 4883C438 	 add rsp, 56
  55 0051 C3       	 ret
  56              	 .seh_endproc
  57              	 .def __main; .scl 2; .type 32; .endef
  58              	 .ident "GCC: (MinGW-W64 x86_64-ucrt-posix-seh, built by Brecht Sanders, r2) 15.1.0"
  59 0052 90909090 	 .def printf; .scl 2; .type 32; .endef
  59      90909090 
  59      90909090 
  59      9090
